<?xml version="1.0" encoding="UTF-8"?>
<coverage generated="1551105717287" clover="3.2.0">
  <project timestamp="1551105717287" name="All files">
    <metrics statements="15" coveredstatements="14" conditionals="0" coveredconditionals="0" methods="11" coveredmethods="10" elements="26" coveredelements="24" complexity="0" loc="15" ncloc="15" packages="4" files="11" classes="11"/>
    <package name="actions">
      <metrics statements="2" coveredstatements="2" conditionals="0" coveredconditionals="0" methods="2" coveredmethods="2"/>
      <file name="index.js" path="/Users/benedictesimaje/projects/boot-camp-project/fast-food-fast-frontend/src/actions/index.js">
        <metrics statements="2" coveredstatements="2" conditionals="0" coveredconditionals="0" methods="2" coveredmethods="2"/>
        <line num="4" count="1" type="stmt"/>
        <line num="8" count="1" type="stmt"/>
      </file>
    </package>
    <package name="components">
      <metrics statements="9" coveredstatements="8" conditionals="0" coveredconditionals="0" methods="7" coveredmethods="6"/>
      <file name="Home.jsx" path="/Users/benedictesimaje/projects/boot-camp-project/fast-food-fast-frontend/src/components/Home.jsx">
        <metrics statements="1" coveredstatements="1" conditionals="0" coveredconditionals="0" methods="1" coveredmethods="1"/>
        <line num="5" count="1" type="stmt"/>
      </file>
      <file name="Login.jsx" path="/Users/benedictesimaje/projects/boot-camp-project/fast-food-fast-frontend/src/components/Login.jsx">
        <metrics statements="1" coveredstatements="0" conditionals="0" coveredconditionals="0" methods="1" coveredmethods="0"/>
        <line num="5" count="0" type="stmt"/>
      </file>
      <file name="NotFound.jsx" path="/Users/benedictesimaje/projects/boot-camp-project/fast-food-fast-frontend/src/components/NotFound.jsx">
        <metrics statements="2" coveredstatements="2" conditionals="0" coveredconditionals="0" methods="1" coveredmethods="1"/>
        <line num="3" count="2" type="stmt"/>
        <line num="4" count="1" type="stmt"/>
      </file>
      <file name="Restaurant.jsx" path="/Users/benedictesimaje/projects/boot-camp-project/fast-food-fast-frontend/src/components/Restaurant.jsx">
        <metrics statements="1" coveredstatements="1" conditionals="0" coveredconditionals="0" methods="1" coveredmethods="1"/>
        <line num="7" count="1" type="stmt"/>
      </file>
      <file name="RestaurantControls.jsx" path="/Users/benedictesimaje/projects/boot-camp-project/fast-food-fast-frontend/src/components/RestaurantControls.jsx">
        <metrics statements="1" coveredstatements="1" conditionals="0" coveredconditionals="0" methods="1" coveredmethods="1"/>
        <line num="6" count="1" type="stmt"/>
      </file>
      <file name="RestaurantMenu.jsx" path="/Users/benedictesimaje/projects/boot-camp-project/fast-food-fast-frontend/src/components/RestaurantMenu.jsx">
        <metrics statements="1" coveredstatements="1" conditionals="0" coveredconditionals="0" methods="1" coveredmethods="1"/>
        <line num="9" count="1" type="stmt"/>
      </file>
      <file name="Routes.jsx" path="/Users/benedictesimaje/projects/boot-camp-project/fast-food-fast-frontend/src/components/Routes.jsx">
        <metrics statements="2" coveredstatements="2" conditionals="0" coveredconditionals="0" methods="1" coveredmethods="1"/>
        <line num="8" count="1" type="stmt"/>
        <line num="9" count="1" type="stmt"/>
      </file>
    </package>
    <package name="components.Menus">
      <metrics statements="2" coveredstatements="2" conditionals="0" coveredconditionals="0" methods="2" coveredmethods="2"/>
      <file name="Footer.jsx" path="/Users/benedictesimaje/projects/boot-camp-project/fast-food-fast-frontend/src/components/Menus/Footer.jsx">
        <metrics statements="1" coveredstatements="1" conditionals="0" coveredconditionals="0" methods="1" coveredmethods="1"/>
        <line num="6" count="1" type="stmt"/>
      </file>
      <file name="NavMenu.jsx" path="/Users/benedictesimaje/projects/boot-camp-project/fast-food-fast-frontend/src/components/Menus/NavMenu.jsx">
        <metrics statements="1" coveredstatements="1" conditionals="0" coveredconditionals="0" methods="1" coveredmethods="1"/>
        <line num="6" count="3" type="stmt"/>
      </file>
    </package>
    <package name="constants">
      <metrics statements="2" coveredstatements="2" conditionals="0" coveredconditionals="0" methods="0" coveredmethods="0"/>
      <file name="action-types.js" path="/Users/benedictesimaje/projects/boot-camp-project/fast-food-fast-frontend/src/constants/action-types.js">
        <metrics statements="2" coveredstatements="2" conditionals="0" coveredconditionals="0" methods="0" coveredmethods="0"/>
        <line num="1" count="1" type="stmt"/>
        <line num="2" count="1" type="stmt"/>
      </file>
    </package>
  </project>
</coverage>
