{"/Users/benedictesimaje/projects/boot-camp-project/fast-food-fast-frontend/src/actions/index.js": {"path":"/Users/benedictesimaje/projects/boot-camp-project/fast-food-fast-frontend/src/actions/index.js","statementMap":{"0":{"start":{"line":4,"column":4},"end":{"line":4,"column":41}},"1":{"start":{"line":8,"column":4},"end":{"line":8,"column":38}}},"fnMap":{"0":{"name":"removeData","decl":{"start":{"line":3,"column":16},"end":{"line":3,"column":26}},"loc":{"start":{"line":3,"column":35},"end":{"line":5,"column":1}},"line":3},"1":{"name":"addData","decl":{"start":{"line":7,"column":16},"end":{"line":7,"column":23}},"loc":{"start":{"line":7,"column":32},"end":{"line":9,"column":1}},"line":7}},"branchMap":{},"s":{"0":1,"1":1},"f":{"0":1,"1":1},"b":{},"_coverageSchema":"43e27e138ebf9cfc5966b082cf9a028302ed4184","hash":"1191027552125ce017840a380cb398e51bb5d4d2"}
,"/Users/benedictesimaje/projects/boot-camp-project/fast-food-fast-frontend/src/components/Home.jsx": {"path":"/Users/benedictesimaje/projects/boot-camp-project/fast-food-fast-frontend/src/components/Home.jsx","statementMap":{"0":{"start":{"line":5,"column":6},"end":{"line":12,"column":7}}},"fnMap":{"0":{"name":"(anonymous_0)","decl":{"start":{"line":4,"column":4},"end":{"line":4,"column":5}},"loc":{"start":{"line":4,"column":13},"end":{"line":13,"column":5}},"line":4}},"branchMap":{},"s":{"0":1},"f":{"0":1},"b":{},"_coverageSchema":"43e27e138ebf9cfc5966b082cf9a028302ed4184","hash":"f2c733d9b2d8bc23a81af16ff3083bf1dec46ef5"}
,"/Users/benedictesimaje/projects/boot-camp-project/fast-food-fast-frontend/src/components/Login.jsx": {"path":"/Users/benedictesimaje/projects/boot-camp-project/fast-food-fast-frontend/src/components/Login.jsx","statementMap":{"0":{"start":{"line":5,"column":6},"end":{"line":9,"column":7}}},"fnMap":{"0":{"name":"(anonymous_0)","decl":{"start":{"line":4,"column":4},"end":{"line":4,"column":5}},"loc":{"start":{"line":4,"column":13},"end":{"line":10,"column":5}},"line":4}},"branchMap":{},"s":{"0":0},"f":{"0":0},"b":{},"_coverageSchema":"43e27e138ebf9cfc5966b082cf9a028302ed4184","hash":"76c6ff093bc9a99c0307a1b4d426b02c687d9ed6"}
,"/Users/benedictesimaje/projects/boot-camp-project/fast-food-fast-frontend/src/components/NotFound.jsx": {"path":"/Users/benedictesimaje/projects/boot-camp-project/fast-food-fast-frontend/src/components/NotFound.jsx","statementMap":{"0":{"start":{"line":3,"column":17},"end":{"line":7,"column":1}},"1":{"start":{"line":4,"column":4},"end":{"line":6,"column":10}}},"fnMap":{"0":{"name":"(anonymous_0)","decl":{"start":{"line":3,"column":17},"end":{"line":3,"column":18}},"loc":{"start":{"line":4,"column":4},"end":{"line":6,"column":10}},"line":4}},"branchMap":{},"s":{"0":2,"1":1},"f":{"0":1},"b":{},"_coverageSchema":"43e27e138ebf9cfc5966b082cf9a028302ed4184","hash":"8942bea212883811c1eb9cdfff80c58865dac5fd"}
,"/Users/benedictesimaje/projects/boot-camp-project/fast-food-fast-frontend/src/components/Restaurant.jsx": {"path":"/Users/benedictesimaje/projects/boot-camp-project/fast-food-fast-frontend/src/components/Restaurant.jsx","statementMap":{"0":{"start":{"line":7,"column":4},"end":{"line":13,"column":5}}},"fnMap":{"0":{"name":"(anonymous_0)","decl":{"start":{"line":6,"column":2},"end":{"line":6,"column":3}},"loc":{"start":{"line":6,"column":11},"end":{"line":14,"column":3}},"line":6}},"branchMap":{},"s":{"0":1},"f":{"0":1},"b":{},"_coverageSchema":"43e27e138ebf9cfc5966b082cf9a028302ed4184","hash":"24a380a9f00e79f8737d9779e1d885d652a31ad4"}
,"/Users/benedictesimaje/projects/boot-camp-project/fast-food-fast-frontend/src/components/RestaurantControls.jsx": {"path":"/Users/benedictesimaje/projects/boot-camp-project/fast-food-fast-frontend/src/components/RestaurantControls.jsx","statementMap":{"0":{"start":{"line":6,"column":4},"end":{"line":26,"column":5}}},"fnMap":{"0":{"name":"(anonymous_0)","decl":{"start":{"line":5,"column":2},"end":{"line":5,"column":3}},"loc":{"start":{"line":5,"column":11},"end":{"line":27,"column":3}},"line":5}},"branchMap":{},"s":{"0":1},"f":{"0":1},"b":{},"_coverageSchema":"43e27e138ebf9cfc5966b082cf9a028302ed4184","hash":"0663f3f344acbe35355767afc6c10b6b5b8d2853"}
,"/Users/benedictesimaje/projects/boot-camp-project/fast-food-fast-frontend/src/components/RestaurantMenu.jsx": {"path":"/Users/benedictesimaje/projects/boot-camp-project/fast-food-fast-frontend/src/components/RestaurantMenu.jsx","statementMap":{"0":{"start":{"line":9,"column":4},"end":{"line":52,"column":5}}},"fnMap":{"0":{"name":"(anonymous_0)","decl":{"start":{"line":8,"column":2},"end":{"line":8,"column":3}},"loc":{"start":{"line":8,"column":11},"end":{"line":53,"column":3}},"line":8}},"branchMap":{},"s":{"0":1},"f":{"0":1},"b":{},"_coverageSchema":"43e27e138ebf9cfc5966b082cf9a028302ed4184","hash":"c21458ce38d49ef51e4d21b47a91cc91065a7fa8"}
,"/Users/benedictesimaje/projects/boot-camp-project/fast-food-fast-frontend/src/components/Routes.jsx": {"path":"/Users/benedictesimaje/projects/boot-camp-project/fast-food-fast-frontend/src/components/Routes.jsx","statementMap":{"0":{"start":{"line":8,"column":15},"end":{"line":15,"column":1}},"1":{"start":{"line":9,"column":4},"end":{"line":14,"column":13}}},"fnMap":{"0":{"name":"(anonymous_0)","decl":{"start":{"line":8,"column":15},"end":{"line":8,"column":16}},"loc":{"start":{"line":9,"column":4},"end":{"line":14,"column":13}},"line":9}},"branchMap":{},"s":{"0":1,"1":1},"f":{"0":1},"b":{},"_coverageSchema":"43e27e138ebf9cfc5966b082cf9a028302ed4184","hash":"985d1f4497a66322e00b7dfe3ba9bfac82e651da"}
,"/Users/benedictesimaje/projects/boot-camp-project/fast-food-fast-frontend/src/components/Menus/Footer.jsx": {"path":"/Users/benedictesimaje/projects/boot-camp-project/fast-food-fast-frontend/src/components/Menus/Footer.jsx","statementMap":{"0":{"start":{"line":6,"column":4},"end":{"line":10,"column":5}}},"fnMap":{"0":{"name":"(anonymous_0)","decl":{"start":{"line":5,"column":2},"end":{"line":5,"column":3}},"loc":{"start":{"line":5,"column":11},"end":{"line":11,"column":3}},"line":5}},"branchMap":{},"s":{"0":1},"f":{"0":1},"b":{},"_coverageSchema":"43e27e138ebf9cfc5966b082cf9a028302ed4184","hash":"cdfe99c59858480994923cd53b0c5b8f9b6830da"}
,"/Users/benedictesimaje/projects/boot-camp-project/fast-food-fast-frontend/src/components/Menus/NavMenu.jsx": {"path":"/Users/benedictesimaje/projects/boot-camp-project/fast-food-fast-frontend/src/components/Menus/NavMenu.jsx","statementMap":{"0":{"start":{"line":6,"column":4},"end":{"line":31,"column":5}}},"fnMap":{"0":{"name":"(anonymous_0)","decl":{"start":{"line":5,"column":2},"end":{"line":5,"column":3}},"loc":{"start":{"line":5,"column":11},"end":{"line":32,"column":3}},"line":5}},"branchMap":{},"s":{"0":3},"f":{"0":3},"b":{},"_coverageSchema":"43e27e138ebf9cfc5966b082cf9a028302ed4184","hash":"df9ee5b0a402adc3491948b2f142fa4d77b71d6b"}
,"/Users/benedictesimaje/projects/boot-camp-project/fast-food-fast-frontend/src/constants/action-types.js": {"path":"/Users/benedictesimaje/projects/boot-camp-project/fast-food-fast-frontend/src/constants/action-types.js","statementMap":{"0":{"start":{"line":1,"column":24},"end":{"line":1,"column":34}},"1":{"start":{"line":2,"column":27},"end":{"line":2,"column":40}}},"fnMap":{},"branchMap":{},"s":{"0":1,"1":1},"f":{},"b":{},"_coverageSchema":"43e27e138ebf9cfc5966b082cf9a028302ed4184","hash":"450a1a4dd431247fd72fa45be0a41fa4b114e511"}
}
