TN:
SF:/Users/benedictesimaje/projects/boot-camp-project/fast-food-fast-frontend/src/actions/index.js
FN:3,removeData
FN:7,addData
FNF:2
FNH:2
FNDA:1,removeData
FNDA:1,addData
DA:4,1
DA:8,1
LF:2
LH:2
BRF:0
BRH:0
end_of_record
TN:
SF:/Users/benedictesimaje/projects/boot-camp-project/fast-food-fast-frontend/src/components/Home.jsx
FN:4,(anonymous_0)
FNF:1
FNH:1
FNDA:1,(anonymous_0)
DA:5,1
LF:1
LH:1
BRF:0
BRH:0
end_of_record
TN:
SF:/Users/benedictesimaje/projects/boot-camp-project/fast-food-fast-frontend/src/components/Login.jsx
FN:4,(anonymous_0)
FNF:1
FNH:0
FNDA:0,(anonymous_0)
DA:5,0
LF:1
LH:0
BRF:0
BRH:0
end_of_record
TN:
SF:/Users/benedictesimaje/projects/boot-camp-project/fast-food-fast-frontend/src/components/NotFound.jsx
FN:3,(anonymous_0)
FNF:1
FNH:1
FNDA:1,(anonymous_0)
DA:3,2
DA:4,1
LF:2
LH:2
BRF:0
BRH:0
end_of_record
TN:
SF:/Users/benedictesimaje/projects/boot-camp-project/fast-food-fast-frontend/src/components/Restaurant.jsx
FN:6,(anonymous_0)
FNF:1
FNH:1
FNDA:1,(anonymous_0)
DA:7,1
LF:1
LH:1
BRF:0
BRH:0
end_of_record
TN:
SF:/Users/benedictesimaje/projects/boot-camp-project/fast-food-fast-frontend/src/components/RestaurantControls.jsx
FN:5,(anonymous_0)
FNF:1
FNH:1
FNDA:1,(anonymous_0)
DA:6,1
LF:1
LH:1
BRF:0
BRH:0
end_of_record
TN:
SF:/Users/benedictesimaje/projects/boot-camp-project/fast-food-fast-frontend/src/components/RestaurantMenu.jsx
FN:8,(anonymous_0)
FNF:1
FNH:1
FNDA:1,(anonymous_0)
DA:9,1
LF:1
LH:1
BRF:0
BRH:0
end_of_record
TN:
SF:/Users/benedictesimaje/projects/boot-camp-project/fast-food-fast-frontend/src/components/Routes.jsx
FN:8,(anonymous_0)
FNF:1
FNH:1
FNDA:1,(anonymous_0)
DA:8,1
DA:9,1
LF:2
LH:2
BRF:0
BRH:0
end_of_record
TN:
SF:/Users/benedictesimaje/projects/boot-camp-project/fast-food-fast-frontend/src/components/Menus/Footer.jsx
FN:5,(anonymous_0)
FNF:1
FNH:1
FNDA:1,(anonymous_0)
DA:6,1
LF:1
LH:1
BRF:0
BRH:0
end_of_record
TN:
SF:/Users/benedictesimaje/projects/boot-camp-project/fast-food-fast-frontend/src/components/Menus/NavMenu.jsx
FN:5,(anonymous_0)
FNF:1
FNH:1
FNDA:3,(anonymous_0)
DA:6,3
LF:1
LH:1
BRF:0
BRH:0
end_of_record
TN:
SF:/Users/benedictesimaje/projects/boot-camp-project/fast-food-fast-frontend/src/constants/action-types.js
FNF:0
FNH:0
DA:1,1
DA:2,1
LF:2
LH:2
BRF:0
BRH:0
end_of_record
